<?xml version="1.0" encoding="UTF-8"?>
<testng-results ignored="0" total="2" passed="2" failed="0" skipped="0">
  <reporter-output>
  </reporter-output>
  <suite started-at="2024-05-25T11:39:38 IST" name="Suite" finished-at="2024-05-25T11:39:46 IST" duration-ms="8035">
    <groups>
    </groups>
    <test started-at="2024-05-25T11:39:38 IST" name="Test" finished-at="2024-05-25T11:39:46 IST" duration-ms="8035">
      <class name="com.selgrid.GoogleHomePageTest">
        <test-method signature="test()[pri:0, instance:com.selgrid.GoogleHomePageTest@ef9296d]" started-at="2024-05-25T11:39:38 IST" name="test" finished-at="2024-05-25T11:39:44 IST" duration-ms="6828" status="PASS">
          <reporter-output>
          </reporter-output>
        </test-method> <!-- test -->
      </class> <!-- com.selgrid.GoogleHomePageTest -->
      <class name="com.selgrid.GoogleHomePageTest_FF">
        <test-method signature="test()[pri:0, instance:com.selgrid.GoogleHomePageTest_FF@6f96c77]" started-at="2024-05-25T11:39:38 IST" name="test" finished-at="2024-05-25T11:39:46 IST" duration-ms="7990" status="PASS">
          <reporter-output>
          </reporter-output>
        </test-method> <!-- test -->
      </class> <!-- com.selgrid.GoogleHomePageTest_FF -->
    </test> <!-- Test -->
  </suite> <!-- Suite -->
</testng-results>
